CRITICAL - 2024-07-25 20:55:52 --> ParseError: syntax error, unexpected identifier "view"
[Method: GET, Route: users]
in APPPATH\Controllers\Users.php on line 40.
 1 SYSTEMPATH\Autoloader\Autoloader.php(296): CodeIgniter\Autoloader\Autoloader->includeFile('C:\\Program Files\\XAMPP\\htdocs\\ferreteria\\app\\Controllers\\Users.php')
 2 SYSTEMPATH\Autoloader\Autoloader.php(272): CodeIgniter\Autoloader\Autoloader->loadInNamespace('App\\Controllers\\Users')
 3 [internal function]: CodeIgniter\Autoloader\Autoloader->loadClass('App\\Controllers\\Users')
 4 SYSTEMPATH\CodeIgniter.php(887): class_exists('\\App\\Controllers\\Users', true)
 5 SYSTEMPATH\CodeIgniter.php(496): CodeIgniter\CodeIgniter->startController()
 6 SYSTEMPATH\CodeIgniter.php(355): CodeIgniter\CodeIgniter->handleRequest(null, Object(Config\Cache), false)
 7 SYSTEMPATH\Boot.php(325): CodeIgniter\CodeIgniter->run()
 8 SYSTEMPATH\Boot.php(67): CodeIgniter\Boot::runCodeIgniter(Object(CodeIgniter\CodeIgniter))
 9 FCPATH\index.php(56): CodeIgniter\Boot::bootWeb(Object(Config\Paths))
CRITICAL - 2024-07-25 21:10:24 --> ErrorException: Undefined variable $tareas
[Method: GET, Route: users]
in APPPATH\Views\users\index.php on line 14.
 1 APPPATH\Views\users\index.php(14): CodeIgniter\Debug\Exceptions->errorHandler(2, 'Undefined variable $tareas', 'C:\\Program Files\\XAMPP\\htdocs\\tareas\\app\\Views\\users\\index.php', 14)
 2 SYSTEMPATH\View\View.php(234): include('C:\\Program Files\\XAMPP\\htdocs\\tareas\\app\\Views\\users\\index.php')
 3 SYSTEMPATH\View\View.php(237): CodeIgniter\View\View->CodeIgniter\View\{closure}()
 4 SYSTEMPATH\Common.php(1171): CodeIgniter\View\View->render('users/index', [], true)
 5 APPPATH\Controllers\Users.php(13): view('users/index', [...])
 6 SYSTEMPATH\CodeIgniter.php(933): App\Controllers\Users->index()
 7 SYSTEMPATH\CodeIgniter.php(509): CodeIgniter\CodeIgniter->runController(Object(App\Controllers\Users))
 8 SYSTEMPATH\CodeIgniter.php(355): CodeIgniter\CodeIgniter->handleRequest(null, Object(Config\Cache), false)
 9 SYSTEMPATH\Boot.php(325): CodeIgniter\CodeIgniter->run()
10 SYSTEMPATH\Boot.php(67): CodeIgniter\Boot::runCodeIgniter(Object(CodeIgniter\CodeIgniter))
11 FCPATH\index.php(56): CodeIgniter\Boot::bootWeb(Object(Config\Paths))
CRITICAL - 2024-07-25 21:10:42 --> ErrorException: Undefined variable $tareas
[Method: GET, Route: users]
in APPPATH\Views\users\index.php on line 16.
 1 APPPATH\Views\users\index.php(16): CodeIgniter\Debug\Exceptions->errorHandler(2, 'Undefined variable $tareas', 'C:\\Program Files\\XAMPP\\htdocs\\tareas\\app\\Views\\users\\index.php', 16)
 2 SYSTEMPATH\View\View.php(234): include('C:\\Program Files\\XAMPP\\htdocs\\tareas\\app\\Views\\users\\index.php')
 3 SYSTEMPATH\View\View.php(237): CodeIgniter\View\View->CodeIgniter\View\{closure}()
 4 SYSTEMPATH\Common.php(1171): CodeIgniter\View\View->render('users/index', [], true)
 5 APPPATH\Controllers\Users.php(13): view('users/index', [...])
 6 SYSTEMPATH\CodeIgniter.php(933): App\Controllers\Users->index()
 7 SYSTEMPATH\CodeIgniter.php(509): CodeIgniter\CodeIgniter->runController(Object(App\Controllers\Users))
 8 SYSTEMPATH\CodeIgniter.php(355): CodeIgniter\CodeIgniter->handleRequest(null, Object(Config\Cache), false)
 9 SYSTEMPATH\Boot.php(325): CodeIgniter\CodeIgniter->run()
10 SYSTEMPATH\Boot.php(67): CodeIgniter\Boot::runCodeIgniter(Object(CodeIgniter\CodeIgniter))
11 FCPATH\index.php(56): CodeIgniter\Boot::bootWeb(Object(Config\Paths))
CRITICAL - 2024-07-25 21:11:01 --> ErrorException: Undefined variable $user
[Method: GET, Route: users]
in APPPATH\Views\users\index.php on line 24.
 1 APPPATH\Views\users\index.php(24): CodeIgniter\Debug\Exceptions->errorHandler(2, 'Undefined variable $user', 'C:\\Program Files\\XAMPP\\htdocs\\tareas\\app\\Views\\users\\index.php', 24)
 2 SYSTEMPATH\View\View.php(234): include('C:\\Program Files\\XAMPP\\htdocs\\tareas\\app\\Views\\users\\index.php')
 3 SYSTEMPATH\View\View.php(237): CodeIgniter\View\View->CodeIgniter\View\{closure}()
 4 SYSTEMPATH\Common.php(1171): CodeIgniter\View\View->render('users/index', [], true)
 5 APPPATH\Controllers\Users.php(13): view('users/index', [...])
 6 SYSTEMPATH\CodeIgniter.php(933): App\Controllers\Users->index()
 7 SYSTEMPATH\CodeIgniter.php(509): CodeIgniter\CodeIgniter->runController(Object(App\Controllers\Users))
 8 SYSTEMPATH\CodeIgniter.php(355): CodeIgniter\CodeIgniter->handleRequest(null, Object(Config\Cache), false)
 9 SYSTEMPATH\Boot.php(325): CodeIgniter\CodeIgniter->run()
10 SYSTEMPATH\Boot.php(67): CodeIgniter\Boot::runCodeIgniter(Object(CodeIgniter\CodeIgniter))
11 FCPATH\index.php(56): CodeIgniter\Boot::bootWeb(Object(Config\Paths))
CRITICAL - 2024-07-25 21:11:03 --> ErrorException: Undefined variable $user
[Method: GET, Route: users]
in APPPATH\Views\users\index.php on line 24.
 1 APPPATH\Views\users\index.php(24): CodeIgniter\Debug\Exceptions->errorHandler(2, 'Undefined variable $user', 'C:\\Program Files\\XAMPP\\htdocs\\tareas\\app\\Views\\users\\index.php', 24)
 2 SYSTEMPATH\View\View.php(234): include('C:\\Program Files\\XAMPP\\htdocs\\tareas\\app\\Views\\users\\index.php')
 3 SYSTEMPATH\View\View.php(237): CodeIgniter\View\View->CodeIgniter\View\{closure}()
 4 SYSTEMPATH\Common.php(1171): CodeIgniter\View\View->render('users/index', [], true)
 5 APPPATH\Controllers\Users.php(13): view('users/index', [...])
 6 SYSTEMPATH\CodeIgniter.php(933): App\Controllers\Users->index()
 7 SYSTEMPATH\CodeIgniter.php(509): CodeIgniter\CodeIgniter->runController(Object(App\Controllers\Users))
 8 SYSTEMPATH\CodeIgniter.php(355): CodeIgniter\CodeIgniter->handleRequest(null, Object(Config\Cache), false)
 9 SYSTEMPATH\Boot.php(325): CodeIgniter\CodeIgniter->run()
10 SYSTEMPATH\Boot.php(67): CodeIgniter\Boot::runCodeIgniter(Object(CodeIgniter\CodeIgniter))
11 FCPATH\index.php(56): CodeIgniter\Boot::bootWeb(Object(Config\Paths))
